<?xml version="1.0" encoding="UTF-8"?>
<!-- Generated by org.testng.reporters.JUnitReportReporter -->
<testsuite hostname="192.168.1.6" failures="0" tests="1" name="runners.Runner" time="10.545" errors="0" timestamp="2023-07-31T02:49:05 WIB" skipped="0">
  <testcase classname="runners.Runner" name="runScenario" time="10.545"/>
</testsuite> <!-- runners.Runner -->
